frontend/build/app/intermediates/manifest_merge_blame_file/debug/manifest-merger-blame-debug-report.txt
1<?xml version="1.0" encoding="utf-8"?>
2<manifest xmlns:android="http://schemas.android.com/apk/res/android"
3    package="com.app.fluttercommerce"
4    android:versionCode="1"
5    android:versionName="1.0.0" >
6
7    <uses-sdk
8        android:minSdkVersion="19"
9        android:targetSdkVersion="28" />
10    <!--
11         Flutter needs it to communicate with the running application
12         to allow setting breakpoints, to provide hot reload, etc.
13    -->
14    <uses-permission android:name="android.permission.INTERNET" />
14-->src/debug/AndroidManifest.xml:6:5-66
14-->src/debug/AndroidManifest.xml:6:22-64
15    <uses-permission android:name="android.permission.ACCESS_NETWORK_STATE" />
15-->[:connectivity] AndroidManifest.xml:7:5-79
15-->[:connectivity] AndroidManifest.xml:7:22-76
16    <!--
17 io.flutter.app.FlutterApplication is an android.app.Application that
18         calls FlutterMain.startInitialization(this); in its onCreate method.
19         In most cases you can leave this as-is, but you if you want to provide
20         additional functionality it is fine to subclass or reimplement
21         FlutterApplication and put your custom class here.
22    -->
23    <application
24        android:name="android.app.Application"
25        android:appComponentFactory="androidx.core.app.CoreComponentFactory"
25-->[androidx.core:core:1.6.0] AndroidManifest.xml:24:18-86
26        android:debuggable="true"
27        android:icon="@mipmap/ic_launcher"
28        android:label="FlutterCommerce" >
29        <activity
30            android:name="com.app.fluttercommerce.MainActivity"
31            android:configChanges="orientation|keyboardHidden|keyboard|screenSize|smallestScreenSize|locale|layoutDirection|fontScale|screenLayout|density|uiMode"
32            android:hardwareAccelerated="true"
33            android:launchMode="singleTop"
34            android:theme="@style/LaunchTheme"
35            android:windowSoftInputMode="adjustResize" >
36
37            <!--
38                 Specifies an Android theme to apply to this Activity as soon as
39                 the Android process has started. This theme is visible to the user
40                 while the Flutter UI initializes. After that, this theme continues
41                 to determine the Window background behind the Flutter UI.
42            -->
43            <meta-data
44                android:name="io.flutter.embedding.android.NormalTheme"
45                android:resource="@style/NormalTheme" />
46            <!--
47                 Displays an Android View that continues showing the launch screen
48                 Drawable until Flutter paints its first frame, then this splash
49                 screen fades out. A splash screen is useful to avoid any visual
50                 gap between the end of Android's launch screen and the painting of
51                 Flutter's first frame.
52            -->
53            <meta-data
54                android:name="io.flutter.embedding.android.SplashScreenDrawable"
55                android:resource="@drawable/launch_background" />
56
57            <intent-filter>
58                <action android:name="android.intent.action.MAIN" />
58-->[com.razorpay:checkout:1.5.16] AndroidManifest.xml:23:17-69
58-->[com.razorpay:checkout:1.5.16] AndroidManifest.xml:23:25-66
59
60                <category android:name="android.intent.category.LAUNCHER" />
61            </intent-filter>
62        </activity>
63        <!--
64             Don't delete the meta-data below.
65             This is used by the Flutter tool to generate GeneratedPluginRegistrant.java
66        -->
67        <meta-data
68            android:name="flutterEmbedding"
69            android:value="2" />
70
71        <service
71-->[:firebase_crashlytics] AndroidManifest.xml:8:9-12:19
72            android:name="com.google.firebase.components.ComponentDiscoveryService"
72-->[:firebase_crashlytics] AndroidManifest.xml:8:18-89
73            android:directBootAware="true"
73-->[com.google.firebase:firebase-common:20.0.0] AndroidManifest.xml:35:13-43
74            android:exported="false" >
74-->[com.google.firebase:firebase-auth:21.0.1] AndroidManifest.xml:76:13-37
75            <meta-data
75-->[:firebase_crashlytics] AndroidManifest.xml:9:13-11:85
76                android:name="com.google.firebase.components:io.flutter.plugins.firebase.crashlytics.FlutterFirebaseAppRegistrar"
76-->[:firebase_crashlytics] AndroidManifest.xml:10:17-130
77                android:value="com.google.firebase.components.ComponentRegistrar" />
77-->[:firebase_crashlytics] AndroidManifest.xml:11:17-82
78            <meta-data
78-->[:firebase_auth] AndroidManifest.xml:9:13-11:85
79                android:name="com.google.firebase.components:io.flutter.plugins.firebase.auth.FlutterFirebaseAuthRegistrar"
79-->[:firebase_auth] AndroidManifest.xml:10:17-124
80                android:value="com.google.firebase.components.ComponentRegistrar" />
80-->[:firebase_auth] AndroidManifest.xml:11:17-82
81            <meta-data
81-->[:cloud_firestore] AndroidManifest.xml:9:13-11:85
82                android:name="com.google.firebase.components:io.flutter.plugins.firebase.firestore.FlutterFirebaseFirestoreRegistrar"
82-->[:cloud_firestore] AndroidManifest.xml:10:17-134
83                android:value="com.google.firebase.components.ComponentRegistrar" />
83-->[:cloud_firestore] AndroidManifest.xml:11:17-82
84            <meta-data
84-->[:firebase_core] AndroidManifest.xml:9:13-11:85
85                android:name="com.google.firebase.components:io.flutter.plugins.firebase.core.FlutterFirebaseCoreRegistrar"
85-->[:firebase_core] AndroidManifest.xml:10:17-124
86                android:value="com.google.firebase.components.ComponentRegistrar" />
86-->[:firebase_core] AndroidManifest.xml:11:17-82
87            <meta-data
87-->[com.google.firebase:firebase-auth:21.0.1] AndroidManifest.xml:77:13-79:85
88                android:name="com.google.firebase.components:com.google.firebase.auth.FirebaseAuthRegistrar"
88-->[com.google.firebase:firebase-auth:21.0.1] AndroidManifest.xml:78:17-109
89                android:value="com.google.firebase.components.ComponentRegistrar" />
89-->[com.google.firebase:firebase-auth:21.0.1] AndroidManifest.xml:79:17-82
90            <meta-data
90-->[com.google.firebase:firebase-firestore:24.0.1] AndroidManifest.xml:20:13-22:85
91                android:name="com.google.firebase.components:com.google.firebase.firestore.FirestoreRegistrar"
91-->[com.google.firebase:firebase-firestore:24.0.1] AndroidManifest.xml:21:17-111
92                android:value="com.google.firebase.components.ComponentRegistrar" />
92-->[com.google.firebase:firebase-firestore:24.0.1] AndroidManifest.xml:22:17-82
93            <meta-data
93-->[com.google.firebase:firebase-crashlytics:18.2.7] AndroidManifest.xml:18:13-20:85
94                android:name="com.google.firebase.components:com.google.firebase.crashlytics.CrashlyticsRegistrar"
94-->[com.google.firebase:firebase-crashlytics:18.2.7] AndroidManifest.xml:19:17-115
95                android:value="com.google.firebase.components.ComponentRegistrar" />
95-->[com.google.firebase:firebase-crashlytics:18.2.7] AndroidManifest.xml:20:17-82
96            <meta-data
96-->[com.google.firebase:firebase-installations:17.0.0] AndroidManifest.xml:18:13-20:85
97                android:name="com.google.firebase.components:com.google.firebase.installations.FirebaseInstallationsRegistrar"
97-->[com.google.firebase:firebase-installations:17.0.0] AndroidManifest.xml:19:17-127
98                android:value="com.google.firebase.components.ComponentRegistrar" />
98-->[com.google.firebase:firebase-installations:17.0.0] AndroidManifest.xml:20:17-82
99        </service>
100
101        <activity
101-->[:url_launcher_android] AndroidManifest.xml:8:9-11:74
102            android:name="io.flutter.plugins.urllauncher.WebViewActivity"
102-->[:url_launcher_android] AndroidManifest.xml:9:13-74
103            android:exported="false"
103-->[:url_launcher_android] AndroidManifest.xml:10:13-37
104            android:theme="@android:style/Theme.NoTitleBar.Fullscreen" />
104-->[:url_launcher_android] AndroidManifest.xml:11:13-71
105
106        <uses-library
106-->[androidx.window:window:1.0.0-beta04] AndroidManifest.xml:25:9-27:40
107            android:name="androidx.window.extensions"
107-->[androidx.window:window:1.0.0-beta04] AndroidManifest.xml:26:13-54
108            android:required="false" />
108-->[androidx.window:window:1.0.0-beta04] AndroidManifest.xml:27:13-37
109        <uses-library
109-->[androidx.window:window:1.0.0-beta04] AndroidManifest.xml:28:9-30:40
110            android:name="androidx.window.sidecar"
110-->[androidx.window:window:1.0.0-beta04] AndroidManifest.xml:29:13-51
111            android:required="false" />
111-->[androidx.window:window:1.0.0-beta04] AndroidManifest.xml:30:13-37
112
113        <receiver android:name="com.razorpay.RzpTokenReceiver" >
113-->[com.razorpay:checkout:1.5.16] AndroidManifest.xml:12:9-16:20
113-->[com.razorpay:checkout:1.5.16] AndroidManifest.xml:12:19-63
114            <intent-filter>
114-->[com.razorpay:checkout:1.5.16] AndroidManifest.xml:13:13-15:29
115                <action android:name="rzp.device_token.share" />
115-->[com.razorpay:checkout:1.5.16] AndroidManifest.xml:14:17-65
115-->[com.razorpay:checkout:1.5.16] AndroidManifest.xml:14:25-62
116            </intent-filter>
117        </receiver>
118
119        <activity
119-->[com.razorpay:checkout:1.5.16] AndroidManifest.xml:18:9-29:20
120            android:name="com.razorpay.CheckoutActivity"
120-->[com.razorpay:checkout:1.5.16] AndroidManifest.xml:19:13-57
121            android:configChanges="keyboard|keyboardHidden|orientation|screenSize"
121-->[com.razorpay:checkout:1.5.16] AndroidManifest.xml:20:13-83
122            android:theme="@style/CheckoutTheme" >
122-->[com.razorpay:checkout:1.5.16] AndroidManifest.xml:21:13-49
123            <intent-filter>
123-->[com.razorpay:checkout:1.5.16] AndroidManifest.xml:22:13-28:29
124                <action android:name="android.intent.action.MAIN" />
124-->[com.razorpay:checkout:1.5.16] AndroidManifest.xml:23:17-69
124-->[com.razorpay:checkout:1.5.16] AndroidManifest.xml:23:25-66
125
126                <data
126-->[com.razorpay:checkout:1.5.16] AndroidManifest.xml:25:17-27:47
127                    android:host="rzp.io"
127-->[com.razorpay:checkout:1.5.16] AndroidManifest.xml:26:21-42
128                    android:scheme="io.rzp" />
128-->[com.razorpay:checkout:1.5.16] AndroidManifest.xml:27:21-44
129            </intent-filter>
130        </activity>
131        <activity
131-->[com.google.firebase:firebase-auth:21.0.1] AndroidManifest.xml:27:9-44:20
132            android:name="com.google.firebase.auth.internal.GenericIdpActivity"
132-->[com.google.firebase:firebase-auth:21.0.1] AndroidManifest.xml:28:13-80
133            android:excludeFromRecents="true"
133-->[com.google.firebase:firebase-auth:21.0.1] AndroidManifest.xml:29:13-46
134            android:exported="true"
134-->[com.google.firebase:firebase-auth:21.0.1] AndroidManifest.xml:30:13-36
135            android:launchMode="singleTask"
135-->[com.google.firebase:firebase-auth:21.0.1] AndroidManifest.xml:31:13-44
136            android:theme="@android:style/Theme.Translucent.NoTitleBar" >
136-->[com.google.firebase:firebase-auth:21.0.1] AndroidManifest.xml:32:13-72
137            <intent-filter>
137-->[com.google.firebase:firebase-auth:21.0.1] AndroidManifest.xml:33:13-43:29
138                <action android:name="android.intent.action.VIEW" />
138-->[com.google.firebase:firebase-auth:21.0.1] AndroidManifest.xml:34:17-69
138-->[com.google.firebase:firebase-auth:21.0.1] AndroidManifest.xml:34:25-66
139
140                <category android:name="android.intent.category.DEFAULT" />
140-->[com.google.firebase:firebase-auth:21.0.1] AndroidManifest.xml:36:17-76
140-->[com.google.firebase:firebase-auth:21.0.1] AndroidManifest.xml:36:27-73
141                <category android:name="android.intent.category.BROWSABLE" />
141-->[com.google.firebase:firebase-auth:21.0.1] AndroidManifest.xml:37:17-78
141-->[com.google.firebase:firebase-auth:21.0.1] AndroidManifest.xml:37:27-75
142
143                <data
143-->[com.razorpay:checkout:1.5.16] AndroidManifest.xml:25:17-27:47
144                    android:host="firebase.auth"
144-->[com.razorpay:checkout:1.5.16] AndroidManifest.xml:26:21-42
145                    android:path="/"
146                    android:scheme="genericidp" />
146-->[com.razorpay:checkout:1.5.16] AndroidManifest.xml:27:21-44
147            </intent-filter>
148        </activity>
149        <activity
149-->[com.google.firebase:firebase-auth:21.0.1] AndroidManifest.xml:45:9-62:20
150            android:name="com.google.firebase.auth.internal.RecaptchaActivity"
150-->[com.google.firebase:firebase-auth:21.0.1] AndroidManifest.xml:46:13-79
151            android:excludeFromRecents="true"
151-->[com.google.firebase:firebase-auth:21.0.1] AndroidManifest.xml:47:13-46
152            android:exported="true"
152-->[com.google.firebase:firebase-auth:21.0.1] AndroidManifest.xml:48:13-36
153            android:launchMode="singleTask"
153-->[com.google.firebase:firebase-auth:21.0.1] AndroidManifest.xml:49:13-44
154            android:theme="@android:style/Theme.Translucent.NoTitleBar" >
154-->[com.google.firebase:firebase-auth:21.0.1] AndroidManifest.xml:50:13-72
155            <intent-filter>
155-->[com.google.firebase:firebase-auth:21.0.1] AndroidManifest.xml:51:13-61:29
156                <action android:name="android.intent.action.VIEW" />
156-->[com.google.firebase:firebase-auth:21.0.1] AndroidManifest.xml:34:17-69
156-->[com.google.firebase:firebase-auth:21.0.1] AndroidManifest.xml:34:25-66
157
158                <category android:name="android.intent.category.DEFAULT" />
158-->[com.google.firebase:firebase-auth:21.0.1] AndroidManifest.xml:36:17-76
158-->[com.google.firebase:firebase-auth:21.0.1] AndroidManifest.xml:36:27-73
159                <category android:name="android.intent.category.BROWSABLE" />
159-->[com.google.firebase:firebase-auth:21.0.1] AndroidManifest.xml:37:17-78
159-->[com.google.firebase:firebase-auth:21.0.1] AndroidManifest.xml:37:27-75
160
161                <data
161-->[com.razorpay:checkout:1.5.16] AndroidManifest.xml:25:17-27:47
162                    android:host="firebase.auth"
162-->[com.razorpay:checkout:1.5.16] AndroidManifest.xml:26:21-42
163                    android:path="/"
164                    android:scheme="recaptcha" />
164-->[com.razorpay:checkout:1.5.16] AndroidManifest.xml:27:21-44
165            </intent-filter>
166        </activity>
167
168        <service
168-->[com.google.firebase:firebase-auth:21.0.1] AndroidManifest.xml:64:9-73:19
169            android:name="com.google.firebase.auth.api.fallback.service.FirebaseAuthFallbackService"
169-->[com.google.firebase:firebase-auth:21.0.1] AndroidManifest.xml:65:13-101
170            android:enabled="true"
170-->[com.google.firebase:firebase-auth:21.0.1] AndroidManifest.xml:66:13-35
171            android:exported="false" >
171-->[com.google.firebase:firebase-auth:21.0.1] AndroidManifest.xml:67:13-37
172            <intent-filter>
172-->[com.google.firebase:firebase-auth:21.0.1] AndroidManifest.xml:68:13-72:29
173                <action android:name="com.google.firebase.auth.api.gms.service.START" />
173-->[com.google.firebase:firebase-auth:21.0.1] AndroidManifest.xml:69:17-89
173-->[com.google.firebase:firebase-auth:21.0.1] AndroidManifest.xml:69:25-86
174
175                <category android:name="android.intent.category.DEFAULT" />
175-->[com.google.firebase:firebase-auth:21.0.1] AndroidManifest.xml:36:17-76
175-->[com.google.firebase:firebase-auth:21.0.1] AndroidManifest.xml:36:27-73
176            </intent-filter>
177        </service>
178
179        <provider
179-->[com.google.firebase:firebase-common:20.0.0] AndroidManifest.xml:26:9-31:39
180            android:name="com.google.firebase.provider.FirebaseInitProvider"
180-->[com.google.firebase:firebase-common:20.0.0] AndroidManifest.xml:27:13-77
181            android:authorities="com.app.fluttercommerce.firebaseinitprovider"
181-->[com.google.firebase:firebase-common:20.0.0] AndroidManifest.xml:28:13-72
182            android:directBootAware="true"
182-->[com.google.firebase:firebase-common:20.0.0] AndroidManifest.xml:29:13-43
183            android:exported="false"
183-->[com.google.firebase:firebase-common:20.0.0] AndroidManifest.xml:30:13-37
184            android:initOrder="100" />
184-->[com.google.firebase:firebase-common:20.0.0] AndroidManifest.xml:31:13-36
185
186        <activity
186-->[com.google.android.gms:play-services-base:17.1.0] AndroidManifest.xml:23:9-26:75
187            android:name="com.google.android.gms.common.api.GoogleApiActivity"
187-->[com.google.android.gms:play-services-base:17.1.0] AndroidManifest.xml:24:13-79
188            android:exported="false"
188-->[com.google.android.gms:play-services-base:17.1.0] AndroidManifest.xml:25:13-37
189            android:theme="@android:style/Theme.Translucent.NoTitleBar" />
189-->[com.google.android.gms:play-services-base:17.1.0] AndroidManifest.xml:26:13-72
190
191        <meta-data
191-->[com.google.android.gms:play-services-basement:17.1.0] AndroidManifest.xml:23:9-25:69
192            android:name="com.google.android.gms.version"
192-->[com.google.android.gms:play-services-basement:17.1.0] AndroidManifest.xml:24:13-58
193            android:value="@integer/google_play_services_version" />
193-->[com.google.android.gms:play-services-basement:17.1.0] AndroidManifest.xml:25:13-66
194
195        <service
195-->[com.google.android.datatransport:transport-backend-cct:3.1.0] AndroidManifest.xml:29:9-35:19
196            android:name="com.google.android.datatransport.runtime.backends.TransportBackendDiscovery"
196-->[com.google.android.datatransport:transport-backend-cct:3.1.0] AndroidManifest.xml:30:13-103
197            android:exported="false" >
197-->[com.google.android.datatransport:transport-backend-cct:3.1.0] AndroidManifest.xml:31:13-37
198            <meta-data
198-->[com.google.android.datatransport:transport-backend-cct:3.1.0] AndroidManifest.xml:32:13-34:39
199                android:name="backend:com.google.android.datatransport.cct.CctBackendFactory"
199-->[com.google.android.datatransport:transport-backend-cct:3.1.0] AndroidManifest.xml:33:17-94
200                android:value="cct" />
200-->[com.google.android.datatransport:transport-backend-cct:3.1.0] AndroidManifest.xml:34:17-36
201        </service>
202        <service
202-->[com.google.android.datatransport:transport-runtime:3.1.0] AndroidManifest.xml:26:9-30:19
203            android:name="com.google.android.datatransport.runtime.scheduling.jobscheduling.JobInfoSchedulerService"
203-->[com.google.android.datatransport:transport-runtime:3.1.0] AndroidManifest.xml:27:13-117
204            android:exported="false"
204-->[com.google.android.datatransport:transport-runtime:3.1.0] AndroidManifest.xml:28:13-37
205            android:permission="android.permission.BIND_JOB_SERVICE" >
205-->[com.google.android.datatransport:transport-runtime:3.1.0] AndroidManifest.xml:29:13-69
206        </service>
207
208        <receiver
208-->[com.google.android.datatransport:transport-runtime:3.1.0] AndroidManifest.xml:32:9-34:40
209            android:name="com.google.android.datatransport.runtime.scheduling.jobscheduling.AlarmManagerSchedulerBroadcastReceiver"
209-->[com.google.android.datatransport:transport-runtime:3.1.0] AndroidManifest.xml:33:13-132
210            android:exported="false" />
210-->[com.google.android.datatransport:transport-runtime:3.1.0] AndroidManifest.xml:34:13-37
211    </application>
212
213</manifest>